Change Component Designator: Old Designator=C? New Designator=C4
Change Component Designator: Old Designator=C? New Designator=C5
Change Component Designator: Old Designator=C? New Designator=C6
Change Component Designator: Old Designator=C? New Designator=C7
Change Component Designator: Old Designator=C? New Designator=C8
Change Component Designator: Old Designator=HD? New Designator=HD1
Change Component Designator: Old Designator=HD? New Designator=HD2
Change Component Designator: Old Designator=hole? New Designator=hole1
Change Component Designator: Old Designator=hole? New Designator=hole2
Change Component Designator: Old Designator=hole? New Designator=hole3
Change Component Designator: Old Designator=hole? New Designator=hole4
Change Component Designator: Old Designator=IC? New Designator=IC2
Change Component Designator: Old Designator=M? New Designator=M1
Change Component Designator: Old Designator=P? New Designator=P1
Change Component Designator: Old Designator=R? New Designator=R10
Change Component Designator: Old Designator=R? New Designator=R11
Change Component Designator: Old Designator=R? New Designator=R12
Change Component Designator: Old Designator=R? New Designator=R13
Change Component Designator: Old Designator=R? New Designator=R14
Change Component Designator: Old Designator=R? New Designator=R15
Change Component Designator: Old Designator=SW? New Designator=SW2
Change Component Designator: Old Designator=SW? New Designator=SW3
Change Component Designator: Old Designator=U? New Designator=U3
