Added Component: Designator=U4(STM-LQFP100_N)
Add component (AddParameter): Name = "A/D Converter"; Value = "3x12-bit (16 Channel)"; VariantName = "[No Variations]"
Add component (AddParameter): Name = "ComponentLink1Description"; Value = "Manufacturer URL"; VariantName = "[No Variations]"
Add component (AddParameter): Name = "ComponentLink1URL"; Value = "http://www.st.com/web/en/home.html"; VariantName = "[No Variations]"
Add component (AddParameter): Name = "ComponentLink2Description"; Value = "Datasheet"; VariantName = "[No Variations]"
Add component (AddParameter): Name = "ComponentLink2URL"; Value = "http://www.st.com/st-web-ui/static/active/en/resource/technical/document/datasheet/CD00191185.pdf"; VariantName = "[No Variations]"
Add component (AddParameter): Name = "ComponentLink3Description"; Value = "Package Specification"; VariantName = "[No Variations]"
Add component (AddParameter): Name = "ComponentLink3URL"; Value = "http://www.st.com/st-web-ui/static/active/en/resource/technical/document/data_brief/DM00071938.pdf"; VariantName = "[No Variations]"
Add component (AddParameter): Name = "Core"; Value = "ARM Cortex-M3"; VariantName = "[No Variations]"
Add component (AddParameter): Name = "D/A Converter"; Value = "2x12-bit (2 Channel)"; VariantName = "[No Variations]"
Add component (AddParameter): Name = "DatasheetVersion"; Value = "Rev. 8"; VariantName = "[No Variations]"
Add component (AddParameter): Name = "FLASH Size (Prog) (kB)"; Value = "512"; VariantName = "[No Variations]"
Add component (AddParameter): Name = "I/Os (High Current)"; Value = "80"; VariantName = "[No Variations]"
Add component (AddParameter): Name = "Internal RAM Size (kB)"; Value = "64"; VariantName = "[No Variations]"
Add component (AddParameter): Name = "Mounting Technology"; Value = "Surface Mount"; VariantName = "[No Variations]"
Add component (AddParameter): Name = "Operating Frequency(F) (Processor speed) (MHz)"; Value = "72"; VariantName = "[No Variations]"
Add component (AddParameter): Name = "PackageDescription"; Value = "100-Pin Low Profile Quad Flat Package, 14 x 14 mm Body, 0.5 mm Pitch"; VariantName = "[No Variations]"
Add component (AddParameter): Name = "PackageReference"; Value = "LQFP100"; VariantName = "[No Variations]"
Add component (AddParameter): Name = "PackageVersion"; Value = "Rev. 1, 06/2013"; VariantName = "[No Variations]"
Add component (AddParameter): Name = "Packing"; Value = "Tray"; VariantName = "[No Variations]"
Add component (AddParameter): Name = "PartNumber"; Value = "STM32F103VET6"; VariantName = "[No Variations]"
Add component (AddParameter): Name = "Supplier 1"; Value = "Digi-Key"; VariantName = "[No Variations]"
Add component (AddParameter): Name = "Supplier 2"; Value = "Farnell"; VariantName = "[No Variations]"
Add component (AddParameter): Name = "Supplier 3"; Value = "Newark"; VariantName = "[No Variations]"
Add component (AddParameter): Name = "Supplier 4"; Value = "Newark"; VariantName = "[No Variations]"
Add component (AddParameter): Name = "Supplier 5"; Value = "Mouser"; VariantName = "[No Variations]"
Add component (AddParameter): Name = "Supplier Part Number 1"; Value = "497-6443-ND"; VariantName = "[No Variations]"
Add component (AddParameter): Name = "Supplier Part Number 2"; Value = "1624141"; VariantName = "[No Variations]"
Add component (AddParameter): Name = "Supplier Part Number 3"; Value = "01P4104"; VariantName = "[No Variations]"
Add component (AddParameter): Name = "Supplier Part Number 4"; Value = "57P1260"; VariantName = "[No Variations]"
Add component (AddParameter): Name = "Supplier Part Number 5"; Value = "511-STM32F103VET6"; VariantName = "[No Variations]"
Add component (AddParameter): Name = "Supply Voltage(Vcc) min (V)"; Value = "2"; VariantName = "[No Variations]"
Added Pin To Net: NetName=GND Pin=U4-10
Added Pin To Net: NetName=GND Pin=U4-19
Added Pin To Net: NetName=GND Pin=U4-20
Added Pin To Net: NetName=GND Pin=U4-27
Added Pin To Net: NetName=GND Pin=U4-49
Added Pin To Net: NetName=GND Pin=U4-74
Added Pin To Net: NetName=GND Pin=U4-99
Added Pin To Net: NetName=NetU4_1 Pin=U4-1
Added Net: Name=NetU4_1
Added Pin To Net: NetName=NetU4_2 Pin=U4-2
Added Net: Name=NetU4_2
Added Pin To Net: NetName=NetU4_3 Pin=U4-3
Added Net: Name=NetU4_3
Added Pin To Net: NetName=NetU4_4 Pin=U4-4
Added Net: Name=NetU4_4
Added Pin To Net: NetName=NetU4_5 Pin=U4-5
Added Net: Name=NetU4_5
Added Pin To Net: NetName=NetU4_7 Pin=U4-7
Added Net: Name=NetU4_7
Added Pin To Net: NetName=NetU4_8 Pin=U4-8
Added Net: Name=NetU4_8
Added Pin To Net: NetName=NetU4_9 Pin=U4-9
Added Net: Name=NetU4_9
Added Pin To Net: NetName=NetU4_11 Pin=U4-11
Added Pin To Net: NetName=NetU4_11 Pin=U4-22
Added Pin To Net: NetName=NetU4_11 Pin=U4-28
Added Pin To Net: NetName=NetU4_11 Pin=U4-50
Added Pin To Net: NetName=NetU4_11 Pin=U4-75
Added Pin To Net: NetName=NetU4_11 Pin=U4-100
Added Net: Name=NetU4_11
Added Pin To Net: NetName=NetU4_12 Pin=U4-12
Added Net: Name=NetU4_12
Added Pin To Net: NetName=NetU4_13 Pin=U4-13
Added Net: Name=NetU4_13
Added Pin To Net: NetName=NetU4_14 Pin=U4-14
Added Net: Name=NetU4_14
Added Pin To Net: NetName=NetU4_15 Pin=U4-15
Added Net: Name=NetU4_15
Added Pin To Net: NetName=NetU4_16 Pin=U4-16
Added Net: Name=NetU4_16
Added Pin To Net: NetName=NetU4_17 Pin=U4-17
Added Net: Name=NetU4_17
Added Pin To Net: NetName=NetU4_18 Pin=U4-18
Added Net: Name=NetU4_18
Added Pin To Net: NetName=NetU4_21 Pin=U4-21
Added Net: Name=NetU4_21
Added Pin To Net: NetName=NetU4_23 Pin=U4-23
Added Net: Name=NetU4_23
Added Pin To Net: NetName=NetU4_24 Pin=U4-24
Added Net: Name=NetU4_24
Added Pin To Net: NetName=NetU4_25 Pin=U4-25
Added Net: Name=NetU4_25
Added Pin To Net: NetName=NetU4_26 Pin=U4-26
Added Net: Name=NetU4_26
Added Pin To Net: NetName=NetU4_29 Pin=U4-29
Added Net: Name=NetU4_29
Added Pin To Net: NetName=NetU4_30 Pin=U4-30
Added Net: Name=NetU4_30
Added Pin To Net: NetName=NetU4_31 Pin=U4-31
Added Net: Name=NetU4_31
Added Pin To Net: NetName=NetU4_32 Pin=U4-32
Added Net: Name=NetU4_32
Added Pin To Net: NetName=NetU4_33 Pin=U4-33
Added Net: Name=NetU4_33
Added Pin To Net: NetName=NetU4_34 Pin=U4-34
Added Net: Name=NetU4_34
Added Pin To Net: NetName=NetU4_35 Pin=U4-35
Added Net: Name=NetU4_35
Added Pin To Net: NetName=NetU4_36 Pin=U4-36
Added Net: Name=NetU4_36
Added Pin To Net: NetName=NetU4_37 Pin=U4-37
Added Net: Name=NetU4_37
Added Pin To Net: NetName=NetU4_38 Pin=U4-38
Added Net: Name=NetU4_38
Added Pin To Net: NetName=NetU4_39 Pin=U4-39
Added Net: Name=NetU4_39
Added Pin To Net: NetName=NetU4_40 Pin=U4-40
Added Net: Name=NetU4_40
Added Pin To Net: NetName=NetU4_41 Pin=U4-41
Added Net: Name=NetU4_41
Added Pin To Net: NetName=NetU4_42 Pin=U4-42
Added Net: Name=NetU4_42
Added Pin To Net: NetName=NetU4_43 Pin=U4-43
Added Net: Name=NetU4_43
Added Pin To Net: NetName=NetU4_44 Pin=U4-44
Added Net: Name=NetU4_44
Added Pin To Net: NetName=NetU4_45 Pin=U4-45
Added Net: Name=NetU4_45
Added Pin To Net: NetName=NetU4_46 Pin=U4-46
Added Net: Name=NetU4_46
Added Pin To Net: NetName=NetU4_47 Pin=U4-47
Added Net: Name=NetU4_47
Added Pin To Net: NetName=NetU4_48 Pin=U4-48
Added Net: Name=NetU4_48
Added Pin To Net: NetName=NetU4_51 Pin=U4-51
Added Net: Name=NetU4_51
Added Pin To Net: NetName=NetU4_52 Pin=U4-52
Added Net: Name=NetU4_52
Added Pin To Net: NetName=NetU4_53 Pin=U4-53
Added Net: Name=NetU4_53
Added Pin To Net: NetName=NetU4_54 Pin=U4-54
Added Net: Name=NetU4_54
Added Pin To Net: NetName=NetU4_55 Pin=U4-55
Added Net: Name=NetU4_55
Added Pin To Net: NetName=NetU4_56 Pin=U4-56
Added Net: Name=NetU4_56
Added Pin To Net: NetName=NetU4_57 Pin=U4-57
Added Net: Name=NetU4_57
Added Pin To Net: NetName=NetU4_58 Pin=U4-58
Added Net: Name=NetU4_58
Added Pin To Net: NetName=NetU4_59 Pin=U4-59
Added Net: Name=NetU4_59
Added Pin To Net: NetName=NetU4_60 Pin=U4-60
Added Net: Name=NetU4_60
Added Pin To Net: NetName=NetU4_61 Pin=U4-61
Added Net: Name=NetU4_61
Added Pin To Net: NetName=NetU4_62 Pin=U4-62
Added Net: Name=NetU4_62
Added Pin To Net: NetName=NetU4_63 Pin=U4-63
Added Net: Name=NetU4_63
Added Pin To Net: NetName=NetU4_64 Pin=U4-64
Added Net: Name=NetU4_64
Added Pin To Net: NetName=NetU4_65 Pin=U4-65
Added Net: Name=NetU4_65
Added Pin To Net: NetName=NetU4_66 Pin=U4-66
Added Net: Name=NetU4_66
Added Pin To Net: NetName=NetU4_67 Pin=U4-67
Added Net: Name=NetU4_67
Added Pin To Net: NetName=NetU4_68 Pin=U4-68
Added Net: Name=NetU4_68
Added Pin To Net: NetName=NetU4_69 Pin=U4-69
Added Net: Name=NetU4_69
Added Pin To Net: NetName=NetU4_70 Pin=U4-70
Added Net: Name=NetU4_70
Added Pin To Net: NetName=NetU4_71 Pin=U4-71
Added Net: Name=NetU4_71
Added Pin To Net: NetName=NetU4_72 Pin=U4-72
Added Net: Name=NetU4_72
Added Pin To Net: NetName=NetU4_76 Pin=U4-76
Added Net: Name=NetU4_76
Added Pin To Net: NetName=NetU4_77 Pin=U4-77
Added Net: Name=NetU4_77
Added Pin To Net: NetName=NetU4_78 Pin=U4-78
Added Net: Name=NetU4_78
Added Pin To Net: NetName=NetU4_79 Pin=U4-79
Added Net: Name=NetU4_79
Added Pin To Net: NetName=NetU4_80 Pin=U4-80
Added Net: Name=NetU4_80
Added Pin To Net: NetName=NetU4_81 Pin=U4-81
Added Net: Name=NetU4_81
Added Pin To Net: NetName=NetU4_82 Pin=U4-82
Added Net: Name=NetU4_82
Added Pin To Net: NetName=NetU4_83 Pin=U4-83
Added Net: Name=NetU4_83
Added Pin To Net: NetName=NetU4_84 Pin=U4-84
Added Net: Name=NetU4_84
Added Pin To Net: NetName=NetU4_85 Pin=U4-85
Added Net: Name=NetU4_85
Added Pin To Net: NetName=NetU4_86 Pin=U4-86
Added Net: Name=NetU4_86
Added Pin To Net: NetName=NetU4_87 Pin=U4-87
Added Net: Name=NetU4_87
Added Pin To Net: NetName=NetU4_88 Pin=U4-88
Added Net: Name=NetU4_88
Added Pin To Net: NetName=NetU4_89 Pin=U4-89
Added Net: Name=NetU4_89
Added Pin To Net: NetName=NetU4_90 Pin=U4-90
Added Net: Name=NetU4_90
Added Pin To Net: NetName=NetU4_91 Pin=U4-91
Added Net: Name=NetU4_91
Added Pin To Net: NetName=NetU4_92 Pin=U4-92
Added Net: Name=NetU4_92
Added Pin To Net: NetName=NetU4_93 Pin=U4-93
Added Net: Name=NetU4_93
Added Pin To Net: NetName=NetU4_94 Pin=U4-94
Added Net: Name=NetU4_94
Added Pin To Net: NetName=NetU4_95 Pin=U4-95
Added Net: Name=NetU4_95
Added Pin To Net: NetName=NetU4_96 Pin=U4-96
Added Net: Name=NetU4_96
Added Pin To Net: NetName=NetU4_97 Pin=U4-97
Added Net: Name=NetU4_97
Added Pin To Net: NetName=NetU4_98 Pin=U4-98
Added Net: Name=NetU4_98
Added Member To Class: ClassName=U_STM32F103VET6 Member=Component U4 STM32F103VET6
Added Room: Name=U_Communication
Added Room: Name=U_ESP32
Added Room: Name=U_Sheet3
Added Room: Name=U_STM32F103VET6
